<?xml version="1.0" encoding="UTF-8"?>
<testsuite xmlns:xsi="http://www.w3.org/2001/XMLSchema-instance" xsi:noNamespaceSchemaLocation="https://maven.apache.org/surefire/maven-surefire-plugin/xsd/surefire-test-report.xsd" name="TestSuite" time="13.156" tests="11" errors="0" skipped="0" failures="3">
  <properties>
[...]
</properties>
  <testcase name="UpdateCommentGeneric" classname="MavenFramework.Jirabasics4" time="4.189"/>
  <testcase name="createIssue" classname="MavenFramework.Jirabasics" time="0.076">
    <failure message="1 expectation failed.&#10;Expected status code &lt;201&gt; but was &lt;400&gt;.&#10;" type="java.lang.AssertionError"><![CDATA[java.lang.AssertionError: 
1 expectation failed.
Expected status code <201> but was <400>.

	at MavenFramework.Jirabasics.createIssue(Jirabasics.java:33)
]]></failure>
    <system-out><![CDATA[E86519184DBB76AF87433D4E61123765
]]></system-out>
  </testcase>
  <testcase name="UpdateComment" classname="MavenFramework.Jirabasics3" time="0.211"/>
  <testcase name="deleteIssue" classname="MavenFramework.Jirabasics5" time="0.373"/>
  <testcase name="AdddeletePlace1" classname="MavenFramework.basicsdeleteXML" time="1.48"/>
  <testcase name="AddPlace" classname="MavenFramework.basics2post" time="0.417"/>
  <testcase name="addComment" classname="MavenFramework.Jirabasics2" time="0.15"/>
  <testcase name="createPlace" classname="MavenFramework.basics2" time="0.873">
    <failure message="1 expectation failed.&#10;JSON path results[0].name doesn&apos;t match.&#10;Expected: Global Industries&#10;  Actual: Amritsar&#10;" type="java.lang.AssertionError">java.lang.AssertionError: 
1 expectation failed.
JSON path results[0].name doesn't match.
Expected: Global Industries
  Actual: Amritsar

	at MavenFramework.basics2.createPlace(basics2.java:43)
</failure>
    <system-out><![CDATA[Request method:	GET
Request URI:	https://maps.googleapis.com/maps/api/place/nearbysearch/json?location=31.6340%2C74.8723&radius=500&key=AIzaSyB_bT0dCgKrBcDB1B42aUjZO5m9hBtvp_o
Proxy:			<none>
Request params:	location=31.6340,74.8723
				radius=500
				key=AIzaSyB_bT0dCgKrBcDB1B42aUjZO5m9hBtvp_o
Query params:	<none>
Form params:	<none>
Path params:	<none>
Headers:		Accept=*/*
Cookies:		<none>
Multiparts:		<none>
Body:			<none>
]]></system-out>
  </testcase>
  <testcase name="AddanddeletePlace" classname="MavenFramework.basicsdelete2" time="0.997"/>
  <testcase name="getPlace" classname="MavenFramework.basics" time="0.789">
    <failure message="1 expectation failed.&#10;JSON path results[0].name doesn&apos;t match.&#10;Expected: Global Industries&#10;  Actual: Amritsar&#10;" type="java.lang.AssertionError">java.lang.AssertionError: 
1 expectation failed.
JSON path results[0].name doesn't match.
Expected: Global Industries
  Actual: Amritsar

	at MavenFramework.basics.getPlace(basics.java:26)
</failure>
  </testcase>
  <testcase name="deletePlaceXML" classname="MavenFramework.basicsdelete" time="0.916"/>
</testsuite>